<?xml version="1.0" encoding="UTF-8"?>
<!-- Generated by org.testng.reporters.JUnitReportReporter -->
<testsuite hostname="AMOR" failures="0" tests="1" name="test.Testt" time="207.092" errors="0" timestamp="2023-09-29T20:55:57 IST" skipped="0">
  <testcase classname="test.Testt" name="test1" time="207.092"/>
</testsuite> <!-- test.Testt -->
